<?xml version="1.0" encoding="UTF-8"?>
<!-- Generated by org.testng.reporters.JUnitReportReporter -->
<testsuite skipped="0" hostname="om-PC" name="testng.TestngEx" tests="1" failures="0" timestamp="14 Sep 2018 10:17:10 GMT" time="23.338" errors="0">
  <testcase name="keysDownAndKeysup" time="23.338" classname="testng.TestngEx"/>
</testsuite> <!-- testng.TestngEx -->
